2018-05-08 13:52:43.133 JST [6344] LOG:  listening on IPv6 address "::1", port 5432
2018-05-08 13:52:43.133 JST [6344] LOG:  listening on IPv4 address "127.0.0.1", port 5432
2018-05-08 13:52:43.134 JST [6344] LOG:  listening on Unix socket "/tmp/.s.PGSQL.5432"
2018-05-08 13:52:43.159 JST [6345] LOG:  database system was shut down at 2018-05-08 13:52:42 JST
2018-05-08 13:52:43.171 JST [6344] LOG:  database system is ready to accept connections
2018-05-08 14:03:02.034 JST [6519] ERROR:  syntax error at or near "postgres" at character 1
2018-05-08 14:03:02.034 JST [6519] STATEMENT:  postgres# CREATE USER hirokazu;
2018-05-08 14:03:10.393 JST [6519] ERROR:  role "hirokazu" already exists
2018-05-08 14:03:10.393 JST [6519] STATEMENT:  CREATE USER hirokazu;
2018-05-08 14:05:10.780 JST [6574] FATAL:  database "testserver" does not exist
2018-05-08 14:05:37.411 JST [6590] FATAL:  database "testserver" does not exist
2018-05-08 14:07:08.740 JST [6607] FATAL:  database "testserver" does not exist
2018-05-08 14:07:25.396 JST [6623] FATAL:  database "testserver" does not exist
2018-05-08 14:08:06.985 JST [6655] FATAL:  database "testserver" does not exist
2018-05-08 14:08:37.105 JST [6664] FATAL:  database "testserver" does not exist
2018-05-08 14:08:58.729 JST [6680] FATAL:  database "testserver" does not exist
2018-05-08 14:09:11.597 JST [6688] FATAL:  database "testserver" does not exist
2018-05-08 14:11:25.800 JST [6730] FATAL:  database "testserver" does not exist
2018-05-08 17:58:03.745 JST [12216] ERROR:  column tracker_event.error does not exist at character 208
2018-05-08 17:58:03.745 JST [12216] STATEMENT:  SELECT "tracker_event"."id", "tracker_event"."building_id", "tracker_event"."add_time", "tracker_event"."event_time", "tracker_event"."duration", "tracker_event"."intensity", "tracker_event"."acceleration", "tracker_event"."error" FROM "tracker_event" WHERE "tracker_event"."building_id" = 1
2018-05-08 17:58:03.789 JST [12216] ERROR:  column tracker_event.error does not exist at character 208
2018-05-08 17:58:03.789 JST [12216] STATEMENT:  SELECT "tracker_event"."id", "tracker_event"."building_id", "tracker_event"."add_time", "tracker_event"."event_time", "tracker_event"."duration", "tracker_event"."intensity", "tracker_event"."acceleration", "tracker_event"."error" FROM "tracker_event" WHERE "tracker_event"."building_id" = 1 LIMIT 21
2018-05-08 17:58:03.790 JST [12216] ERROR:  column tracker_event.error does not exist at character 208
2018-05-08 17:58:03.790 JST [12216] STATEMENT:  SELECT "tracker_event"."id", "tracker_event"."building_id", "tracker_event"."add_time", "tracker_event"."event_time", "tracker_event"."duration", "tracker_event"."intensity", "tracker_event"."acceleration", "tracker_event"."error" FROM "tracker_event" WHERE "tracker_event"."building_id" = 1 LIMIT 21
2018-05-08 17:58:03.791 JST [12216] ERROR:  column tracker_event.error does not exist at character 208
2018-05-08 17:58:03.791 JST [12216] STATEMENT:  SELECT "tracker_event"."id", "tracker_event"."building_id", "tracker_event"."add_time", "tracker_event"."event_time", "tracker_event"."duration", "tracker_event"."intensity", "tracker_event"."acceleration", "tracker_event"."error" FROM "tracker_event" WHERE "tracker_event"."building_id" = 1 LIMIT 21
2018-05-08 17:58:03.792 JST [12216] ERROR:  column tracker_event.error does not exist at character 208
2018-05-08 17:58:03.792 JST [12216] STATEMENT:  SELECT "tracker_event"."id", "tracker_event"."building_id", "tracker_event"."add_time", "tracker_event"."event_time", "tracker_event"."duration", "tracker_event"."intensity", "tracker_event"."acceleration", "tracker_event"."error" FROM "tracker_event" WHERE "tracker_event"."building_id" = 1 LIMIT 21
2018-05-08 18:02:16.154 JST [12328] ERROR:  column tracker_event.error does not exist at character 208
2018-05-08 18:02:16.154 JST [12328] STATEMENT:  SELECT "tracker_event"."id", "tracker_event"."building_id", "tracker_event"."add_time", "tracker_event"."event_time", "tracker_event"."duration", "tracker_event"."intensity", "tracker_event"."acceleration", "tracker_event"."error" FROM "tracker_event" WHERE "tracker_event"."building_id" = 1
2018-05-08 18:02:16.189 JST [12328] ERROR:  column tracker_event.error does not exist at character 208
2018-05-08 18:02:16.189 JST [12328] STATEMENT:  SELECT "tracker_event"."id", "tracker_event"."building_id", "tracker_event"."add_time", "tracker_event"."event_time", "tracker_event"."duration", "tracker_event"."intensity", "tracker_event"."acceleration", "tracker_event"."error" FROM "tracker_event" WHERE "tracker_event"."building_id" = 1 LIMIT 21
2018-05-08 18:02:16.190 JST [12328] ERROR:  column tracker_event.error does not exist at character 208
2018-05-08 18:02:16.190 JST [12328] STATEMENT:  SELECT "tracker_event"."id", "tracker_event"."building_id", "tracker_event"."add_time", "tracker_event"."event_time", "tracker_event"."duration", "tracker_event"."intensity", "tracker_event"."acceleration", "tracker_event"."error" FROM "tracker_event" WHERE "tracker_event"."building_id" = 1 LIMIT 21
2018-05-08 18:02:16.190 JST [12328] ERROR:  column tracker_event.error does not exist at character 208
2018-05-08 18:02:16.190 JST [12328] STATEMENT:  SELECT "tracker_event"."id", "tracker_event"."building_id", "tracker_event"."add_time", "tracker_event"."event_time", "tracker_event"."duration", "tracker_event"."intensity", "tracker_event"."acceleration", "tracker_event"."error" FROM "tracker_event" WHERE "tracker_event"."building_id" = 1 LIMIT 21
2018-05-08 18:02:16.191 JST [12328] ERROR:  column tracker_event.error does not exist at character 208
2018-05-08 18:02:16.191 JST [12328] STATEMENT:  SELECT "tracker_event"."id", "tracker_event"."building_id", "tracker_event"."add_time", "tracker_event"."event_time", "tracker_event"."duration", "tracker_event"."intensity", "tracker_event"."acceleration", "tracker_event"."error" FROM "tracker_event" WHERE "tracker_event"."building_id" = 1 LIMIT 21
2018-05-08 18:02:17.901 JST [12330] ERROR:  column tracker_event.error does not exist at character 208
2018-05-08 18:02:17.901 JST [12330] STATEMENT:  SELECT "tracker_event"."id", "tracker_event"."building_id", "tracker_event"."add_time", "tracker_event"."event_time", "tracker_event"."duration", "tracker_event"."intensity", "tracker_event"."acceleration", "tracker_event"."error" FROM "tracker_event" WHERE "tracker_event"."building_id" = 1
2018-05-08 18:02:17.925 JST [12330] ERROR:  column tracker_event.error does not exist at character 208
2018-05-08 18:02:17.925 JST [12330] STATEMENT:  SELECT "tracker_event"."id", "tracker_event"."building_id", "tracker_event"."add_time", "tracker_event"."event_time", "tracker_event"."duration", "tracker_event"."intensity", "tracker_event"."acceleration", "tracker_event"."error" FROM "tracker_event" WHERE "tracker_event"."building_id" = 1 LIMIT 21
2018-05-08 18:02:17.925 JST [12330] ERROR:  column tracker_event.error does not exist at character 208
2018-05-08 18:02:17.925 JST [12330] STATEMENT:  SELECT "tracker_event"."id", "tracker_event"."building_id", "tracker_event"."add_time", "tracker_event"."event_time", "tracker_event"."duration", "tracker_event"."intensity", "tracker_event"."acceleration", "tracker_event"."error" FROM "tracker_event" WHERE "tracker_event"."building_id" = 1 LIMIT 21
2018-05-08 18:02:17.926 JST [12330] ERROR:  column tracker_event.error does not exist at character 208
2018-05-08 18:02:17.926 JST [12330] STATEMENT:  SELECT "tracker_event"."id", "tracker_event"."building_id", "tracker_event"."add_time", "tracker_event"."event_time", "tracker_event"."duration", "tracker_event"."intensity", "tracker_event"."acceleration", "tracker_event"."error" FROM "tracker_event" WHERE "tracker_event"."building_id" = 1 LIMIT 21
2018-05-08 18:02:17.927 JST [12330] ERROR:  column tracker_event.error does not exist at character 208
2018-05-08 18:02:17.927 JST [12330] STATEMENT:  SELECT "tracker_event"."id", "tracker_event"."building_id", "tracker_event"."add_time", "tracker_event"."event_time", "tracker_event"."duration", "tracker_event"."intensity", "tracker_event"."acceleration", "tracker_event"."error" FROM "tracker_event" WHERE "tracker_event"."building_id" = 1 LIMIT 21
2018-05-09 10:09:09.251 JST [17929] FATAL:  role "vandle_admin" does not exist
2018-05-09 10:09:32.584 JST [17934] FATAL:  role "vandle_admin" does not exist
2018-05-09 11:13:15.031 JST [19332] FATAL:  role "vandle_api" does not exist
2018-05-09 11:15:19.863 JST [19357] FATAL:  database "vandle" does not exist
2018-05-09 11:15:38.020 JST [19366] FATAL:  database "vandle" does not exist
2018-05-09 11:16:16.644 JST [19379] FATAL:  database "vandle" does not exist
2018-05-09 11:16:27.768 JST [19382] ERROR:  syntax error at or near "creata" at character 1
2018-05-09 11:16:27.768 JST [19382] STATEMENT:  creata database vandle;
2018-05-09 11:19:24.464 JST [19388] ERROR:  role "vandle_admin" already exists
2018-05-09 11:19:24.464 JST [19388] STATEMENT:  CREATE USER vandle_admin;
2018-05-09 11:56:56.993 JST [36576] FATAL:  role "admin" does not exist
2018-05-09 11:57:44.420 JST [36590] ERROR:  role "hirokazu" already exists
2018-05-09 11:57:44.420 JST [36590] STATEMENT:  CREATE ROLE hirokazu PASSWORD 'md5f564e9ec7fee87bf0369da3819c8c923' NOSUPERUSER NOCREATEDB NOCREATEROLE INHERIT LOGIN;
2018-05-09 11:57:59.061 JST [36594] FATAL:  database "template2" does not exist
2018-05-09 11:58:49.079 JST [36603] ERROR:  syntax error at or near "CREATE" at character 23
2018-05-09 11:58:49.079 JST [36603] STATEMENT:  CREATE USER test_root
	CREATE USER test_root;
2018-05-09 11:59:38.611 JST [36603] ERROR:  option "e" not recognized at character 27
2018-05-09 11:59:38.611 JST [36603] STATEMENT:  CREATE DATABASE testingl
	 e e;
2018-05-09 12:02:22.431 JST [36650] ERROR:  role "test_api_test" does not exist
2018-05-09 12:02:22.431 JST [36650] STATEMENT:  CREATE SCHEMA test_api_test AUTHORIZATION test_api_test;
2018-05-09 14:21:12.583 JST [55397] FATAL:  database "test_api" does not exist
2018-05-09 16:13:20.818 JST [59047] ERROR:  syntax error at or near "," at character 56
2018-05-09 16:13:20.818 JST [59047] STATEMENT:  CREATE TABLE IF NOT EXISTS library (name text, location, text)
2018-05-09 16:15:25.586 JST [59047] ERROR:  column "publish_date" is of type date but expression is of type integer at character 74
2018-05-09 16:15:25.586 JST [59047] HINT:  You will need to rewrite or cast the expression.
2018-05-09 16:15:25.586 JST [59047] STATEMENT:  INSERT INTO Book (book_title, publish_date, pages) VALUES ('Fight Club', 2001, 180)
2018-05-09 16:15:53.368 JST [59047] ERROR:  column "publish_date" is of type date but expression is of type integer at character 74
2018-05-09 16:15:53.368 JST [59047] HINT:  You will need to rewrite or cast the expression.
2018-05-09 16:15:53.368 JST [59047] STATEMENT:  INSERT INTO Book (book_title, publish_date, pages) VALUES ('Fight Club', 2001/02/23, 180)
2018-05-09 16:20:13.992 JST [59232] ERROR:  column "publish_date" cannot be cast automatically to type numeric
2018-05-09 16:20:13.992 JST [59232] HINT:  You might need to specify "USING publish_date::numeric".
2018-05-09 16:20:13.992 JST [59232] STATEMENT:  ALTER TABLE book ALTER COLUMN publish_date TYPE NUMERIC 
2018-05-09 16:20:58.308 JST [59047] ERROR:  column "publish_date" is of type date but expression is of type integer at character 74
2018-05-09 16:20:58.308 JST [59047] HINT:  You will need to rewrite or cast the expression.
2018-05-09 16:20:58.308 JST [59047] STATEMENT:  INSERT INTO Book (book_title, publish_date, pages) VALUES ('Fight Club', 2001, 180)
2018-05-09 16:21:49.695 JST [59255] ERROR:  column "publish_date" is of type date but expression is of type integer at character 74
2018-05-09 16:21:49.695 JST [59255] HINT:  You will need to rewrite or cast the expression.
2018-05-09 16:21:49.695 JST [59255] STATEMENT:  INSERT INTO Book (book_title, publish_date, pages) VALUES ('Fight Club', 2001, 180)
2018-05-09 16:23:35.536 JST [59283] ERROR:  column "publish_date" cannot be cast automatically to type numeric
2018-05-09 16:23:35.536 JST [59283] HINT:  You might need to specify "USING publish_date::numeric".
2018-05-09 16:23:35.536 JST [59283] STATEMENT:  ALTER TABLE book ALTER COLUMN publish_date TYPE NUMERIC 
2018-05-09 16:26:44.505 JST [59340] ERROR:  column "publish_date" cannot be cast automatically to type numeric
2018-05-09 16:26:44.505 JST [59340] HINT:  You might need to specify "USING publish_date::numeric".
2018-05-09 16:26:44.505 JST [59340] STATEMENT:  ALTER TABLE book ALTER COLUMN publish_date TYPE NUMERIC 
2018-05-09 16:30:10.797 JST [59442] ERROR:  column "publish_date" cannot be cast automatically to type numeric
2018-05-09 16:30:10.797 JST [59442] HINT:  You might need to specify "USING publish_date::numeric".
2018-05-09 16:30:10.797 JST [59442] STATEMENT:  ALTER TABLE book ALTER COLUMN publish_date TYPE NUMERIC 
2018-05-09 18:10:11.756 JST [60928] FATAL:  database "vandle_admin" does not exist
2018-05-09 22:29:04.362 JST [59542] LOG:  unexpected EOF on client connection with an open transaction
2018-05-10 17:27:51.647 JST [77652] ERROR:  database "test_testserver" already exists
2018-05-10 17:27:51.647 JST [77652] STATEMENT:  CREATE DATABASE "test_testserver" 
2018-05-10 17:28:40.036 JST [77667] ERROR:  database "test_testserver" already exists
2018-05-10 17:28:40.036 JST [77667] STATEMENT:  CREATE DATABASE "test_testserver" 
2018-05-10 17:29:11.280 JST [77676] ERROR:  database "test_testserver" already exists
2018-05-10 17:29:11.280 JST [77676] STATEMENT:  CREATE DATABASE "test_testserver" 
2018-05-10 17:29:49.325 JST [77703] ERROR:  database "test_testserver" already exists
2018-05-10 17:29:49.325 JST [77703] STATEMENT:  CREATE DATABASE "test_testserver" 
